<?xml version="1.0" encoding="UTF-8"?>
<testsuite name="com.ilungi.gestora.ApplicationTests" tests="1" skipped="0" failures="0" errors="0" timestamp="2026-02-05T15:54:50.814Z" hostname="DESKTOP-0K10IRO" time="26.896">
  <properties/>
  <testcase name="contextLoads()" classname="com.ilungi.gestora.ApplicationTests" time="0.878"/>
  <system-out><![CDATA[16:54:51.269 [Test worker] INFO org.springframework.test.context.support.AnnotationConfigContextLoaderUtils -- Could not detect default configuration classes for test class [com.ilungi.gestora.ApplicationTests]: ApplicationTests does not declare any static, non-private, non-final, nested classes annotated with @Configuration.
16:54:51.682 [Test worker] INFO org.springframework.boot.test.context.SpringBootTestContextBootstrapper -- Found @SpringBootConfiguration com.ilungi.gestora.Application for test class com.ilungi.gestora.ApplicationTests

  .   ____          _            __ _ _
 /\\ / ___'_ __ _ _(_)_ __  __ _ \ \ \ \
( ( )\___ | '_ | '_| | '_ \/ _` | \ \ \ \
 \\/  ___)| |_)| | | | | || (_| |  ) ) ) )
  '  |____| .__|_| |_|_| |_\__, | / / / /
 =========|_|==============|___/=/_/_/_/

 :: Spring Boot ::                (v4.0.2)

2026-02-05T16:54:52.832+01:00  INFO 12180 --- [    Test worker] com.ilungi.gestora.ApplicationTests      : Starting ApplicationTests using Java 25.0.1 with PID 12180 (started by us in C:\Users\us\Documents\projectos\ilungi.gestora.api)
2026-02-05T16:54:52.836+01:00  INFO 12180 --- [    Test worker] com.ilungi.gestora.ApplicationTests      : No active profile set, falling back to 1 default profile: "default"
2026-02-05T16:54:56.141+01:00  INFO 12180 --- [    Test worker] .s.d.r.c.RepositoryConfigurationDelegate : Bootstrapping Spring Data JPA repositories in DEFAULT mode.
2026-02-05T16:54:56.336+01:00  INFO 12180 --- [    Test worker] .s.d.r.c.RepositoryConfigurationDelegate : Finished Spring Data repository scanning in 163 ms. Found 3 JPA repository interfaces.
2026-02-05T16:54:58.090+01:00  INFO 12180 --- [    Test worker] org.hibernate.orm.jpa                    : HHH008540: Processing PersistenceUnitInfo [name: default]
2026-02-05T16:54:58.288+01:00  INFO 12180 --- [    Test worker] org.hibernate.orm.core                   : HHH000001: Hibernate ORM core version 7.2.1.Final
2026-02-05T16:54:59.719+01:00  INFO 12180 --- [    Test worker] o.s.o.j.p.SpringPersistenceUnitInfo      : No LoadTimeWeaver setup: ignoring JPA class transformer
2026-02-05T16:54:59.788+01:00  INFO 12180 --- [    Test worker] com.zaxxer.hikari.HikariDataSource       : HikariPool-1 - Starting...
2026-02-05T16:55:03.480+01:00  INFO 12180 --- [    Test worker] com.zaxxer.hikari.pool.HikariPool        : HikariPool-1 - Added connection org.postgresql.jdbc.PgConnection@b867869
2026-02-05T16:55:03.483+01:00  INFO 12180 --- [    Test worker] com.zaxxer.hikari.HikariDataSource       : HikariPool-1 - Start completed.
2026-02-05T16:55:03.805+01:00  WARN 12180 --- [    Test worker] org.hibernate.orm.deprecation            : HHH90000025: PostgreSQLDialect does not need to be specified explicitly using 'hibernate.dialect' (remove the property setting and it will be selected by default)
2026-02-05T16:55:04.938+01:00  INFO 12180 --- [    Test worker] org.hibernate.orm.connections.pooling    : HHH10001005: Database info:
	Database JDBC URL [jdbc:postgresql://dpg-d5seeg95pdvs739l3vi0-a.oregon-postgres.render.com/gestora_db]
	Database driver: PostgreSQL JDBC Driver
	Database dialect: PostgreSQLDialect
	Database version: 18.1
	Default catalog/schema: gestora_db/public
	Autocommit mode: undefined/unknown
	Isolation level: READ_COMMITTED [default READ_COMMITTED]
	JDBC fetch size: none
	Pool: DataSourceConnectionProvider
	Minimum pool size: undefined/unknown
	Maximum pool size: undefined/unknown
2026-02-05T16:55:05.304+01:00  WARN 12180 --- [    Test worker] org.hibernate.orm.deprecation            : HHH90000033: Encountered use of deprecated annotation [interface jakarta.persistence.Temporal] at com.ilungi.gestora.entities.Task.createAt.
2026-02-05T16:55:05.314+01:00  WARN 12180 --- [    Test worker] org.hibernate.orm.deprecation            : HHH90000033: Encountered use of deprecated annotation [interface jakarta.persistence.Temporal] at com.ilungi.gestora.entities.Task.endDate.
2026-02-05T16:55:07.368+01:00  INFO 12180 --- [    Test worker] org.hibernate.orm.core                   : HHH000489: No JTA platform available (set 'hibernate.transaction.jta.platform' to enable JTA platform integration)
2026-02-05T16:55:09.720+01:00  INFO 12180 --- [    Test worker] j.LocalContainerEntityManagerFactoryBean : Initialized JPA EntityManagerFactory for persistence unit 'default'
2026-02-05T16:55:10.009+01:00  INFO 12180 --- [    Test worker] o.s.d.j.r.query.QueryEnhancerFactories   : Hibernate is in classpath; If applicable, HQL parser will be used.
2026-02-05T16:55:13.507+01:00  WARN 12180 --- [    Test worker] JpaBaseConfiguration$JpaWebConfiguration : spring.jpa.open-in-view is enabled by default. Therefore, database queries may be performed during view rendering. Explicitly configure spring.jpa.open-in-view to disable this warning
2026-02-05T16:55:13.894+01:00  WARN 12180 --- [    Test worker] .s.a.UserDetailsServiceAutoConfiguration : 

Using generated security password: 7d0d32b2-0a11-44f5-a832-42ef069171c4

This generated password is for development use only. Your security configuration must be updated before running your application in production.

2026-02-05T16:55:13.961+01:00  INFO 12180 --- [    Test worker] r$InitializeUserDetailsManagerConfigurer : Global AuthenticationManager configured with UserDetailsService bean with name inMemoryUserDetailsManager
2026-02-05T16:55:16.250+01:00  INFO 12180 --- [    Test worker] o.s.b.a.e.web.EndpointLinksResolver      : Exposing 1 endpoint beneath base path '/actuator'
2026-02-05T16:55:16.510+01:00  INFO 12180 --- [    Test worker] com.ilungi.gestora.ApplicationTests      : Started ApplicationTests in 24.387 seconds (process running for 28.1)
]]></system-out>
  <system-err><![CDATA[Mockito is currently self-attaching to enable the inline-mock-maker. This will no longer work in future releases of the JDK. Please add Mockito as an agent to your build as described in Mockito's documentation: https://javadoc.io/doc/org.mockito/mockito-core/latest/org.mockito/org/mockito/Mockito.html#0.3
WARNING: A Java agent has been loaded dynamically (C:\Users\us\.gradle\caches\modules-2\files-2.1\net.bytebuddy\byte-buddy-agent\1.17.8\f09415827a71be7ed621c7bd02550678f28bc81c\byte-buddy-agent-1.17.8.jar)
WARNING: If a serviceability tool is in use, please run with -XX:+EnableDynamicAgentLoading to hide this warning
WARNING: If a serviceability tool is not in use, please run with -Djdk.instrument.traceUsage for more information
WARNING: Dynamic loading of agents will be disallowed by default in a future release
]]></system-err>
</testsuite>
